Running 525 instances -> logs/policy_comparison_v2_full.csv
  n: [5, 7, 10, 12, 15]
  patterns: ['A', 'B_heavy', 'B_medium', 'B_light', 'C', 'D', 'E']
  seeds: [7, 42, 99, 123, 256]
  policies: ['nearest_neighbor', 'cheapest_insertion', 'batch_reoptimize']

  [1/525] 0%  elapsed=   0.1s  eta=  39.8s
  [53/525] 10%  elapsed=   2.5s  eta=  21.9s
  [105/525] 20%  elapsed=   4.6s  eta=  18.5s
  [158/525] 30%  elapsed=   7.1s  eta=  16.4s
  [210/525] 40%  elapsed=   9.4s  eta=  14.1s
  [263/525] 50%  elapsed=  15.5s  eta=  15.4s
  [315/525] 60%  elapsed=  19.7s  eta=  13.2s
  [368/525] 70%  elapsed=  55.3s  eta=  23.6s
  [420/525] 80%  elapsed=  73.9s  eta=  18.5s
  [473/525] 90%  elapsed=1087.3s  eta= 119.5s
  [525/525] 100%  elapsed=1592.7s  eta=   0.0s

Wrote 525 rows to logs/policy_comparison_v2_full.csv in 1592.7s
Errors: 0

=== Summary by policy ===
                    r_mean  core_rate  empty_count  thm11_app  thm11_fires
policy                                                                    
batch_reoptimize    1.2011     0.8571           25         97            7
cheapest_insertion  1.2233     0.8229           31         97           17
nearest_neighbor    1.3123     0.6171           67         96           37
